2020-05-13 16:07:59,923 [restartedMain] INFO com.poseidon.Poseidon2Application - Starting Poseidon2Application on MacBook-Pro-de-jean-benoit.local with PID 90326 (/Users/jean-benoitroussat/git/poseidon/Poseidon2/target/classes started by jean-benoitroussat in /Users/jean-benoitroussat/git/poseidon/Poseidon2)
2020-05-13 16:07:59,932 [restartedMain] INFO com.poseidon.Poseidon2Application - No active profile set, falling back to default profiles: default
2020-05-13 16:07:59,983 [restartedMain] INFO org.springframework.boot.devtools.env.DevToolsPropertyDefaultsPostProcessor - Devtools property defaults active! Set 'spring.devtools.add-properties' to 'false' to disable
2020-05-13 16:07:59,984 [restartedMain] INFO org.springframework.boot.devtools.env.DevToolsPropertyDefaultsPostProcessor - For additional web related logging consider setting the 'logging.level.web' property to 'DEBUG'
2020-05-13 16:08:01,236 [restartedMain] INFO org.springframework.data.repository.config.RepositoryConfigurationDelegate - Bootstrapping Spring Data JPA repositories in DEFAULT mode.
2020-05-13 16:08:01,379 [restartedMain] INFO org.springframework.data.repository.config.RepositoryConfigurationDelegate - Finished Spring Data repository scanning in 129ms. Found 6 JPA repository interfaces.
2020-05-13 16:08:01,664 [restartedMain] INFO com.ulisesbocchio.jasyptspringboot.configuration.EnableEncryptablePropertiesBeanFactoryPostProcessor - Post-processing PropertySource instances
2020-05-13 16:08:01,736 [restartedMain] INFO com.ulisesbocchio.jasyptspringboot.EncryptablePropertySourceConverter - Converting PropertySource configurationProperties [org.springframework.boot.context.properties.source.ConfigurationPropertySourcesPropertySource] to AOP Proxy
2020-05-13 16:08:01,737 [restartedMain] INFO com.ulisesbocchio.jasyptspringboot.EncryptablePropertySourceConverter - Converting PropertySource servletConfigInitParams [org.springframework.core.env.PropertySource$StubPropertySource] to EncryptablePropertySourceWrapper
2020-05-13 16:08:01,737 [restartedMain] INFO com.ulisesbocchio.jasyptspringboot.EncryptablePropertySourceConverter - Converting PropertySource servletContextInitParams [org.springframework.core.env.PropertySource$StubPropertySource] to EncryptablePropertySourceWrapper
2020-05-13 16:08:01,738 [restartedMain] INFO com.ulisesbocchio.jasyptspringboot.EncryptablePropertySourceConverter - Converting PropertySource systemProperties [org.springframework.core.env.PropertiesPropertySource] to EncryptableMapPropertySourceWrapper
2020-05-13 16:08:01,739 [restartedMain] INFO com.ulisesbocchio.jasyptspringboot.EncryptablePropertySourceConverter - Converting PropertySource systemEnvironment [org.springframework.boot.env.SystemEnvironmentPropertySourceEnvironmentPostProcessor$OriginAwareSystemEnvironmentPropertySource] to EncryptableSystemEnvironmentPropertySourceWrapper
2020-05-13 16:08:01,739 [restartedMain] INFO com.ulisesbocchio.jasyptspringboot.EncryptablePropertySourceConverter - Converting PropertySource random [org.springframework.boot.env.RandomValuePropertySource] to EncryptablePropertySourceWrapper
2020-05-13 16:08:01,740 [restartedMain] INFO com.ulisesbocchio.jasyptspringboot.EncryptablePropertySourceConverter - Converting PropertySource applicationConfig: [classpath:/application.properties] [org.springframework.boot.env.OriginTrackedMapPropertySource] to EncryptableMapPropertySourceWrapper
2020-05-13 16:08:01,740 [restartedMain] INFO com.ulisesbocchio.jasyptspringboot.EncryptablePropertySourceConverter - Converting PropertySource devtools [org.springframework.core.env.MapPropertySource] to EncryptableMapPropertySourceWrapper
2020-05-13 16:08:01,883 [restartedMain] INFO com.ulisesbocchio.jasyptspringboot.filter.DefaultLazyPropertyFilter - Property Filter custom Bean not found with name 'encryptablePropertyFilter'. Initializing Default Property Filter
2020-05-13 16:08:02,165 [restartedMain] INFO org.springframework.context.support.PostProcessorRegistrationDelegate$BeanPostProcessorChecker - Bean 'org.springframework.security.access.expression.method.DefaultMethodSecurityExpressionHandler@bc2d97' of type [org.springframework.security.access.expression.method.DefaultMethodSecurityExpressionHandler] is not eligible for getting processed by all BeanPostProcessors (for example: not eligible for auto-proxying)
2020-05-13 16:08:02,171 [restartedMain] INFO org.springframework.context.support.PostProcessorRegistrationDelegate$BeanPostProcessorChecker - Bean 'methodSecurityMetadataSource' of type [org.springframework.security.access.method.DelegatingMethodSecurityMetadataSource] is not eligible for getting processed by all BeanPostProcessors (for example: not eligible for auto-proxying)
2020-05-13 16:08:02,278 [restartedMain] INFO com.ulisesbocchio.jasyptspringboot.resolver.DefaultLazyPropertyResolver - Property Resolver custom Bean not found with name 'encryptablePropertyResolver'. Initializing Default Property Resolver
2020-05-13 16:08:02,282 [restartedMain] INFO com.ulisesbocchio.jasyptspringboot.detector.DefaultLazyPropertyDetector - Property Detector custom Bean not found with name 'encryptablePropertyDetector'. Initializing Default Property Detector
2020-05-13 16:08:02,669 [restartedMain] INFO org.springframework.boot.web.embedded.tomcat.TomcatWebServer - Tomcat initialized with port(s): 8080 (http)
2020-05-13 16:08:02,682 [restartedMain] INFO org.apache.coyote.http11.Http11NioProtocol - Initializing ProtocolHandler ["http-nio-8080"]
2020-05-13 16:08:02,684 [restartedMain] INFO org.apache.catalina.core.StandardService - Starting service [Tomcat]
2020-05-13 16:08:02,685 [restartedMain] INFO org.apache.catalina.core.StandardEngine - Starting Servlet engine: [Apache Tomcat/9.0.34]
2020-05-13 16:08:02,862 [restartedMain] INFO org.apache.catalina.core.ContainerBase.[Tomcat].[localhost].[/] - Initializing Spring embedded WebApplicationContext
2020-05-13 16:08:02,862 [restartedMain] INFO org.springframework.web.context.ContextLoader - Root WebApplicationContext: initialization completed in 2868 ms
2020-05-13 16:08:03,075 [restartedMain] INFO com.ulisesbocchio.jasyptspringboot.encryptor.DefaultLazyEncryptor - String Encryptor custom Bean not found with name 'jasyptStringEncryptor'. Initializing Default String Encryptor
2020-05-13 16:08:03,113 [restartedMain] INFO com.ulisesbocchio.jasyptspringboot.encryptor.DefaultLazyEncryptor - Encryptor config not found for property jasypt.encryptor.algorithm, using default value: PBEWITHHMACSHA512ANDAES_256
2020-05-13 16:08:03,114 [restartedMain] INFO com.ulisesbocchio.jasyptspringboot.encryptor.DefaultLazyEncryptor - Encryptor config not found for property jasypt.encryptor.key-obtention-iterations, using default value: 1000
2020-05-13 16:08:03,114 [restartedMain] INFO com.ulisesbocchio.jasyptspringboot.encryptor.DefaultLazyEncryptor - Encryptor config not found for property jasypt.encryptor.pool-size, using default value: 1
2020-05-13 16:08:03,115 [restartedMain] INFO com.ulisesbocchio.jasyptspringboot.encryptor.DefaultLazyEncryptor - Encryptor config not found for property jasypt.encryptor.provider-name, using default value: null
2020-05-13 16:08:03,115 [restartedMain] INFO com.ulisesbocchio.jasyptspringboot.encryptor.DefaultLazyEncryptor - Encryptor config not found for property jasypt.encryptor.provider-class-name, using default value: null
2020-05-13 16:08:03,116 [restartedMain] INFO com.ulisesbocchio.jasyptspringboot.encryptor.DefaultLazyEncryptor - Encryptor config not found for property jasypt.encryptor.salt-generator-classname, using default value: org.jasypt.salt.RandomSaltGenerator
2020-05-13 16:08:03,118 [restartedMain] INFO com.ulisesbocchio.jasyptspringboot.encryptor.DefaultLazyEncryptor - Encryptor config not found for property jasypt.encryptor.iv-generator-classname, using default value: org.jasypt.iv.RandomIvGenerator
2020-05-13 16:08:03,120 [restartedMain] INFO com.ulisesbocchio.jasyptspringboot.encryptor.DefaultLazyEncryptor - Encryptor config not found for property jasypt.encryptor.string-output-type, using default value: base64
2020-05-13 16:08:03,500 [restartedMain] INFO org.hibernate.jpa.internal.util.LogHelper - HHH000204: Processing PersistenceUnitInfo [name: default]
2020-05-13 16:08:03,582 [restartedMain] INFO org.hibernate.Version - HHH000412: Hibernate ORM core version 5.4.15.Final
2020-05-13 16:08:03,802 [restartedMain] INFO org.hibernate.annotations.common.Version - HCANN000001: Hibernate Commons Annotations {5.1.0.Final}
2020-05-13 16:08:03,963 [restartedMain] INFO com.zaxxer.hikari.HikariDataSource - HikariPool-1 - Starting...
2020-05-13 16:08:04,298 [restartedMain] INFO com.zaxxer.hikari.HikariDataSource - HikariPool-1 - Start completed.
2020-05-13 16:08:04,318 [restartedMain] INFO org.hibernate.dialect.Dialect - HHH000400: Using dialect: org.hibernate.dialect.MySQL5InnoDBDialect
2020-05-13 16:08:05,626 [restartedMain] INFO org.hibernate.engine.transaction.jta.platform.internal.JtaPlatformInitiator - HHH000490: Using JtaPlatform implementation: [org.hibernate.engine.transaction.jta.platform.internal.NoJtaPlatform]
2020-05-13 16:08:05,636 [restartedMain] INFO org.springframework.orm.jpa.LocalContainerEntityManagerFactoryBean - Initialized JPA EntityManagerFactory for persistence unit 'default'
2020-05-13 16:08:05,660 [restartedMain] INFO org.springframework.boot.devtools.autoconfigure.OptionalLiveReloadServer - LiveReload server is running on port 35729
2020-05-13 16:08:05,725 [restartedMain] WARN org.springframework.boot.autoconfigure.orm.jpa.JpaBaseConfiguration$JpaWebConfiguration - spring.jpa.open-in-view is enabled by default. Therefore, database queries may be performed during view rendering. Explicitly configure spring.jpa.open-in-view to disable this warning
2020-05-13 16:08:06,568 [restartedMain] INFO org.springframework.security.web.DefaultSecurityFilterChain - Creating filter chain: any request, [org.springframework.security.web.context.request.async.WebAsyncManagerIntegrationFilter@2000cdb3, org.springframework.security.web.context.SecurityContextPersistenceFilter@44565cb3, org.springframework.security.web.header.HeaderWriterFilter@5813f9d2, org.springframework.security.web.authentication.logout.LogoutFilter@2f4ff23e, com.poseidon.config.JwtRequestFilter@5a003d33, org.springframework.security.web.savedrequest.RequestCacheAwareFilter@6979b31f, org.springframework.security.web.servletapi.SecurityContextHolderAwareRequestFilter@40ccc88c, org.springframework.security.web.authentication.AnonymousAuthenticationFilter@3ccbbb90, org.springframework.security.web.session.SessionManagementFilter@1d143a26, org.springframework.security.web.access.ExceptionTranslationFilter@4e1fe88c, org.springframework.security.web.access.intercept.FilterSecurityInterceptor@7ffa900f]
2020-05-13 16:08:06,785 [restartedMain] INFO org.springframework.scheduling.concurrent.ThreadPoolTaskExecutor - Initializing ExecutorService 'applicationTaskExecutor'
2020-05-13 16:08:07,142 [restartedMain] INFO org.springframework.boot.actuate.endpoint.web.EndpointLinksResolver - Exposing 2 endpoint(s) beneath base path '/actuator'
2020-05-13 16:08:07,218 [restartedMain] INFO org.apache.coyote.http11.Http11NioProtocol - Starting ProtocolHandler ["http-nio-8080"]
2020-05-13 16:08:07,266 [restartedMain] INFO org.springframework.boot.web.embedded.tomcat.TomcatWebServer - Tomcat started on port(s): 8080 (http) with context path ''
2020-05-13 16:08:07,271 [restartedMain] INFO com.poseidon.Poseidon2Application - Started Poseidon2Application in 7.7 seconds (JVM running for 9.053)
2020-05-13 16:10:34,888 [http-nio-8080-exec-2] INFO org.apache.catalina.core.ContainerBase.[Tomcat].[localhost].[/] - Initializing Spring DispatcherServlet 'dispatcherServlet'
2020-05-13 16:10:34,892 [http-nio-8080-exec-2] INFO org.springframework.web.servlet.DispatcherServlet - Initializing Servlet 'dispatcherServlet'
2020-05-13 16:10:34,995 [http-nio-8080-exec-2] INFO org.springframework.web.servlet.DispatcherServlet - Completed initialization in 102 ms
2020-05-13 16:10:35,204 [http-nio-8080-exec-2] WARN com.poseidon.config.JwtRequestFilter - JWT Token does not begin with Bearer String
2020-05-13 16:13:01,984 [http-nio-8080-exec-5] WARN com.poseidon.config.JwtRequestFilter - JWT Token does not begin with Bearer String
2020-05-13 16:14:59,977 [Thread-4] INFO org.springframework.scheduling.concurrent.ThreadPoolTaskExecutor - Shutting down ExecutorService 'applicationTaskExecutor'
2020-05-13 16:14:59,990 [Thread-4] INFO org.springframework.orm.jpa.LocalContainerEntityManagerFactoryBean - Closing JPA EntityManagerFactory for persistence unit 'default'
2020-05-13 16:15:00,052 [Thread-4] INFO com.zaxxer.hikari.HikariDataSource - HikariPool-1 - Shutdown initiated...
2020-05-13 16:15:00,186 [Thread-4] INFO com.zaxxer.hikari.HikariDataSource - HikariPool-1 - Shutdown completed.
2020-05-13 16:15:01,191 [restartedMain] INFO com.poseidon.Poseidon2Application - Starting Poseidon2Application on MacBook-Pro-de-jean-benoit.local with PID 90326 (/Users/jean-benoitroussat/git/poseidon/Poseidon2/target/classes started by jean-benoitroussat in /Users/jean-benoitroussat/git/poseidon/Poseidon2)
2020-05-13 16:15:01,192 [restartedMain] INFO com.poseidon.Poseidon2Application - No active profile set, falling back to default profiles: default
2020-05-13 16:15:01,775 [restartedMain] INFO org.springframework.data.repository.config.RepositoryConfigurationDelegate - Bootstrapping Spring Data JPA repositories in DEFAULT mode.
2020-05-13 16:15:01,814 [restartedMain] INFO org.springframework.data.repository.config.RepositoryConfigurationDelegate - Finished Spring Data repository scanning in 38ms. Found 6 JPA repository interfaces.
2020-05-13 16:15:01,878 [restartedMain] INFO com.ulisesbocchio.jasyptspringboot.configuration.EnableEncryptablePropertiesBeanFactoryPostProcessor - Post-processing PropertySource instances
2020-05-13 16:15:01,896 [restartedMain] INFO com.ulisesbocchio.jasyptspringboot.EncryptablePropertySourceConverter - Converting PropertySource configurationProperties [org.springframework.boot.context.properties.source.ConfigurationPropertySourcesPropertySource] to AOP Proxy
2020-05-13 16:15:01,896 [restartedMain] INFO com.ulisesbocchio.jasyptspringboot.EncryptablePropertySourceConverter - Converting PropertySource servletConfigInitParams [org.springframework.core.env.PropertySource$StubPropertySource] to EncryptablePropertySourceWrapper
2020-05-13 16:15:01,896 [restartedMain] INFO com.ulisesbocchio.jasyptspringboot.EncryptablePropertySourceConverter - Converting PropertySource servletContextInitParams [org.springframework.core.env.PropertySource$StubPropertySource] to EncryptablePropertySourceWrapper
2020-05-13 16:15:01,897 [restartedMain] INFO com.ulisesbocchio.jasyptspringboot.EncryptablePropertySourceConverter - Converting PropertySource systemProperties [org.springframework.core.env.PropertiesPropertySource] to EncryptableMapPropertySourceWrapper
2020-05-13 16:15:01,897 [restartedMain] INFO com.ulisesbocchio.jasyptspringboot.EncryptablePropertySourceConverter - Converting PropertySource systemEnvironment [org.springframework.boot.env.SystemEnvironmentPropertySourceEnvironmentPostProcessor$OriginAwareSystemEnvironmentPropertySource] to EncryptableSystemEnvironmentPropertySourceWrapper
2020-05-13 16:15:01,897 [restartedMain] INFO com.ulisesbocchio.jasyptspringboot.EncryptablePropertySourceConverter - Converting PropertySource random [org.springframework.boot.env.RandomValuePropertySource] to EncryptablePropertySourceWrapper
2020-05-13 16:15:01,897 [restartedMain] INFO com.ulisesbocchio.jasyptspringboot.EncryptablePropertySourceConverter - Converting PropertySource applicationConfig: [classpath:/application.properties] [org.springframework.boot.env.OriginTrackedMapPropertySource] to EncryptableMapPropertySourceWrapper
2020-05-13 16:15:01,898 [restartedMain] INFO com.ulisesbocchio.jasyptspringboot.EncryptablePropertySourceConverter - Converting PropertySource devtools [org.springframework.core.env.MapPropertySource] to EncryptableMapPropertySourceWrapper
2020-05-13 16:15:01,914 [restartedMain] INFO com.ulisesbocchio.jasyptspringboot.filter.DefaultLazyPropertyFilter - Property Filter custom Bean not found with name 'encryptablePropertyFilter'. Initializing Default Property Filter
2020-05-13 16:15:01,963 [restartedMain] INFO org.springframework.context.support.PostProcessorRegistrationDelegate$BeanPostProcessorChecker - Bean 'org.springframework.security.access.expression.method.DefaultMethodSecurityExpressionHandler@2f32426c' of type [org.springframework.security.access.expression.method.DefaultMethodSecurityExpressionHandler] is not eligible for getting processed by all BeanPostProcessors (for example: not eligible for auto-proxying)
2020-05-13 16:15:01,965 [restartedMain] INFO org.springframework.context.support.PostProcessorRegistrationDelegate$BeanPostProcessorChecker - Bean 'methodSecurityMetadataSource' of type [org.springframework.security.access.method.DelegatingMethodSecurityMetadataSource] is not eligible for getting processed by all BeanPostProcessors (for example: not eligible for auto-proxying)
2020-05-13 16:15:02,000 [restartedMain] INFO com.ulisesbocchio.jasyptspringboot.resolver.DefaultLazyPropertyResolver - Property Resolver custom Bean not found with name 'encryptablePropertyResolver'. Initializing Default Property Resolver
2020-05-13 16:15:02,002 [restartedMain] INFO com.ulisesbocchio.jasyptspringboot.detector.DefaultLazyPropertyDetector - Property Detector custom Bean not found with name 'encryptablePropertyDetector'. Initializing Default Property Detector
2020-05-13 16:15:02,136 [restartedMain] INFO org.springframework.boot.web.embedded.tomcat.TomcatWebServer - Tomcat initialized with port(s): 8080 (http)
2020-05-13 16:15:02,137 [restartedMain] INFO org.apache.coyote.http11.Http11NioProtocol - Initializing ProtocolHandler ["http-nio-8080"]
2020-05-13 16:15:02,138 [restartedMain] INFO org.apache.catalina.core.StandardService - Starting service [Tomcat]
2020-05-13 16:15:02,138 [restartedMain] INFO org.apache.catalina.core.StandardEngine - Starting Servlet engine: [Apache Tomcat/9.0.34]
2020-05-13 16:15:02,164 [restartedMain] INFO org.apache.catalina.core.ContainerBase.[Tomcat].[localhost].[/] - Initializing Spring embedded WebApplicationContext
2020-05-13 16:15:02,164 [restartedMain] INFO org.springframework.web.context.ContextLoader - Root WebApplicationContext: initialization completed in 969 ms
2020-05-13 16:15:02,269 [restartedMain] INFO com.ulisesbocchio.jasyptspringboot.encryptor.DefaultLazyEncryptor - String Encryptor custom Bean not found with name 'jasyptStringEncryptor'. Initializing Default String Encryptor
2020-05-13 16:15:02,270 [restartedMain] INFO com.ulisesbocchio.jasyptspringboot.encryptor.DefaultLazyEncryptor - Encryptor config not found for property jasypt.encryptor.algorithm, using default value: PBEWITHHMACSHA512ANDAES_256
2020-05-13 16:15:02,271 [restartedMain] INFO com.ulisesbocchio.jasyptspringboot.encryptor.DefaultLazyEncryptor - Encryptor config not found for property jasypt.encryptor.key-obtention-iterations, using default value: 1000
2020-05-13 16:15:02,271 [restartedMain] INFO com.ulisesbocchio.jasyptspringboot.encryptor.DefaultLazyEncryptor - Encryptor config not found for property jasypt.encryptor.pool-size, using default value: 1
2020-05-13 16:15:02,271 [restartedMain] INFO com.ulisesbocchio.jasyptspringboot.encryptor.DefaultLazyEncryptor - Encryptor config not found for property jasypt.encryptor.provider-name, using default value: null
2020-05-13 16:15:02,271 [restartedMain] INFO com.ulisesbocchio.jasyptspringboot.encryptor.DefaultLazyEncryptor - Encryptor config not found for property jasypt.encryptor.provider-class-name, using default value: null
2020-05-13 16:15:02,271 [restartedMain] INFO com.ulisesbocchio.jasyptspringboot.encryptor.DefaultLazyEncryptor - Encryptor config not found for property jasypt.encryptor.salt-generator-classname, using default value: org.jasypt.salt.RandomSaltGenerator
2020-05-13 16:15:02,272 [restartedMain] INFO com.ulisesbocchio.jasyptspringboot.encryptor.DefaultLazyEncryptor - Encryptor config not found for property jasypt.encryptor.iv-generator-classname, using default value: org.jasypt.iv.RandomIvGenerator
2020-05-13 16:15:02,272 [restartedMain] INFO com.ulisesbocchio.jasyptspringboot.encryptor.DefaultLazyEncryptor - Encryptor config not found for property jasypt.encryptor.string-output-type, using default value: base64
2020-05-13 16:15:02,405 [restartedMain] INFO org.hibernate.jpa.internal.util.LogHelper - HHH000204: Processing PersistenceUnitInfo [name: default]
2020-05-13 16:15:02,415 [restartedMain] INFO com.zaxxer.hikari.HikariDataSource - HikariPool-2 - Starting...
2020-05-13 16:15:02,476 [restartedMain] INFO com.zaxxer.hikari.HikariDataSource - HikariPool-2 - Start completed.
2020-05-13 16:15:02,476 [restartedMain] INFO org.hibernate.dialect.Dialect - HHH000400: Using dialect: org.hibernate.dialect.MySQL5InnoDBDialect
2020-05-13 16:15:02,942 [restartedMain] INFO org.hibernate.engine.transaction.jta.platform.internal.JtaPlatformInitiator - HHH000490: Using JtaPlatform implementation: [org.hibernate.engine.transaction.jta.platform.internal.NoJtaPlatform]
2020-05-13 16:15:02,943 [restartedMain] INFO org.springframework.orm.jpa.LocalContainerEntityManagerFactoryBean - Initialized JPA EntityManagerFactory for persistence unit 'default'
2020-05-13 16:15:02,952 [restartedMain] INFO org.springframework.boot.devtools.autoconfigure.OptionalLiveReloadServer - LiveReload server is running on port 35729
2020-05-13 16:15:02,978 [restartedMain] WARN org.springframework.boot.autoconfigure.orm.jpa.JpaBaseConfiguration$JpaWebConfiguration - spring.jpa.open-in-view is enabled by default. Therefore, database queries may be performed during view rendering. Explicitly configure spring.jpa.open-in-view to disable this warning
2020-05-13 16:15:03,271 [restartedMain] INFO org.springframework.security.web.DefaultSecurityFilterChain - Creating filter chain: any request, [org.springframework.security.web.context.request.async.WebAsyncManagerIntegrationFilter@2bee6d72, org.springframework.security.web.context.SecurityContextPersistenceFilter@483be737, org.springframework.security.web.header.HeaderWriterFilter@26bd596b, org.springframework.security.web.authentication.logout.LogoutFilter@22cc2213, com.poseidon.config.JwtRequestFilter@5002b699, org.springframework.security.web.savedrequest.RequestCacheAwareFilter@3d5a39cc, org.springframework.security.web.servletapi.SecurityContextHolderAwareRequestFilter@71e0590d, org.springframework.security.web.authentication.AnonymousAuthenticationFilter@5c8af124, org.springframework.security.web.session.SessionManagementFilter@66e44332, org.springframework.security.web.access.ExceptionTranslationFilter@3849bbbf, org.springframework.security.web.access.intercept.FilterSecurityInterceptor@699a15b7]
2020-05-13 16:15:03,400 [restartedMain] INFO org.springframework.scheduling.concurrent.ThreadPoolTaskExecutor - Initializing ExecutorService 'applicationTaskExecutor'
2020-05-13 16:15:03,585 [restartedMain] INFO org.springframework.boot.actuate.endpoint.web.EndpointLinksResolver - Exposing 2 endpoint(s) beneath base path '/actuator'
2020-05-13 16:15:03,630 [restartedMain] INFO org.apache.coyote.http11.Http11NioProtocol - Starting ProtocolHandler ["http-nio-8080"]
2020-05-13 16:15:03,633 [restartedMain] INFO org.springframework.boot.web.embedded.tomcat.TomcatWebServer - Tomcat started on port(s): 8080 (http) with context path ''
2020-05-13 16:15:03,633 [restartedMain] INFO com.poseidon.Poseidon2Application - Started Poseidon2Application in 2.69 seconds (JVM running for 425.403)
2020-05-13 16:15:03,636 [restartedMain] INFO org.springframework.boot.devtools.autoconfigure.ConditionEvaluationDeltaLoggingListener - Condition evaluation unchanged
2020-05-13 16:15:14,156 [Thread-8] INFO org.springframework.scheduling.concurrent.ThreadPoolTaskExecutor - Shutting down ExecutorService 'applicationTaskExecutor'
2020-05-13 16:15:14,170 [Thread-8] INFO org.springframework.orm.jpa.LocalContainerEntityManagerFactoryBean - Closing JPA EntityManagerFactory for persistence unit 'default'
2020-05-13 16:15:14,186 [Thread-8] INFO com.zaxxer.hikari.HikariDataSource - HikariPool-2 - Shutdown initiated...
2020-05-13 16:15:14,230 [Thread-8] INFO com.zaxxer.hikari.HikariDataSource - HikariPool-2 - Shutdown completed.
2020-05-13 16:15:14,823 [restartedMain] INFO com.poseidon.Poseidon2Application - Starting Poseidon2Application on MacBook-Pro-de-jean-benoit.local with PID 90326 (/Users/jean-benoitroussat/git/poseidon/Poseidon2/target/classes started by jean-benoitroussat in /Users/jean-benoitroussat/git/poseidon/Poseidon2)
2020-05-13 16:15:14,825 [restartedMain] INFO com.poseidon.Poseidon2Application - No active profile set, falling back to default profiles: default
2020-05-13 16:15:15,458 [restartedMain] INFO org.springframework.data.repository.config.RepositoryConfigurationDelegate - Bootstrapping Spring Data JPA repositories in DEFAULT mode.
2020-05-13 16:15:15,496 [restartedMain] INFO org.springframework.data.repository.config.RepositoryConfigurationDelegate - Finished Spring Data repository scanning in 36ms. Found 6 JPA repository interfaces.
2020-05-13 16:15:15,588 [restartedMain] INFO com.ulisesbocchio.jasyptspringboot.configuration.EnableEncryptablePropertiesBeanFactoryPostProcessor - Post-processing PropertySource instances
2020-05-13 16:15:15,604 [restartedMain] INFO com.ulisesbocchio.jasyptspringboot.EncryptablePropertySourceConverter - Converting PropertySource configurationProperties [org.springframework.boot.context.properties.source.ConfigurationPropertySourcesPropertySource] to AOP Proxy
2020-05-13 16:15:15,607 [restartedMain] INFO com.ulisesbocchio.jasyptspringboot.EncryptablePropertySourceConverter - Converting PropertySource servletConfigInitParams [org.springframework.core.env.PropertySource$StubPropertySource] to EncryptablePropertySourceWrapper
2020-05-13 16:15:15,615 [restartedMain] INFO com.ulisesbocchio.jasyptspringboot.EncryptablePropertySourceConverter - Converting PropertySource servletContextInitParams [org.springframework.core.env.PropertySource$StubPropertySource] to EncryptablePropertySourceWrapper
2020-05-13 16:15:15,616 [restartedMain] INFO com.ulisesbocchio.jasyptspringboot.EncryptablePropertySourceConverter - Converting PropertySource systemProperties [org.springframework.core.env.PropertiesPropertySource] to EncryptableMapPropertySourceWrapper
2020-05-13 16:15:15,616 [restartedMain] INFO com.ulisesbocchio.jasyptspringboot.EncryptablePropertySourceConverter - Converting PropertySource systemEnvironment [org.springframework.boot.env.SystemEnvironmentPropertySourceEnvironmentPostProcessor$OriginAwareSystemEnvironmentPropertySource] to EncryptableSystemEnvironmentPropertySourceWrapper
2020-05-13 16:15:15,616 [restartedMain] INFO com.ulisesbocchio.jasyptspringboot.EncryptablePropertySourceConverter - Converting PropertySource random [org.springframework.boot.env.RandomValuePropertySource] to EncryptablePropertySourceWrapper
2020-05-13 16:15:15,617 [restartedMain] INFO com.ulisesbocchio.jasyptspringboot.EncryptablePropertySourceConverter - Converting PropertySource applicationConfig: [classpath:/application.properties] [org.springframework.boot.env.OriginTrackedMapPropertySource] to EncryptableMapPropertySourceWrapper
2020-05-13 16:15:15,617 [restartedMain] INFO com.ulisesbocchio.jasyptspringboot.EncryptablePropertySourceConverter - Converting PropertySource devtools [org.springframework.core.env.MapPropertySource] to EncryptableMapPropertySourceWrapper
2020-05-13 16:15:15,633 [restartedMain] INFO com.ulisesbocchio.jasyptspringboot.filter.DefaultLazyPropertyFilter - Property Filter custom Bean not found with name 'encryptablePropertyFilter'. Initializing Default Property Filter
2020-05-13 16:15:15,666 [restartedMain] INFO org.springframework.context.support.PostProcessorRegistrationDelegate$BeanPostProcessorChecker - Bean 'org.springframework.security.access.expression.method.DefaultMethodSecurityExpressionHandler@1b18cb9e' of type [org.springframework.security.access.expression.method.DefaultMethodSecurityExpressionHandler] is not eligible for getting processed by all BeanPostProcessors (for example: not eligible for auto-proxying)
2020-05-13 16:15:15,667 [restartedMain] INFO org.springframework.context.support.PostProcessorRegistrationDelegate$BeanPostProcessorChecker - Bean 'methodSecurityMetadataSource' of type [org.springframework.security.access.method.DelegatingMethodSecurityMetadataSource] is not eligible for getting processed by all BeanPostProcessors (for example: not eligible for auto-proxying)
2020-05-13 16:15:15,697 [restartedMain] INFO com.ulisesbocchio.jasyptspringboot.resolver.DefaultLazyPropertyResolver - Property Resolver custom Bean not found with name 'encryptablePropertyResolver'. Initializing Default Property Resolver
2020-05-13 16:15:15,698 [restartedMain] INFO com.ulisesbocchio.jasyptspringboot.detector.DefaultLazyPropertyDetector - Property Detector custom Bean not found with name 'encryptablePropertyDetector'. Initializing Default Property Detector
2020-05-13 16:15:15,914 [restartedMain] INFO org.springframework.boot.web.embedded.tomcat.TomcatWebServer - Tomcat initialized with port(s): 8080 (http)
2020-05-13 16:15:15,917 [restartedMain] INFO org.apache.coyote.http11.Http11NioProtocol - Initializing ProtocolHandler ["http-nio-8080"]
2020-05-13 16:15:15,917 [restartedMain] INFO org.apache.catalina.core.StandardService - Starting service [Tomcat]
2020-05-13 16:15:15,918 [restartedMain] INFO org.apache.catalina.core.StandardEngine - Starting Servlet engine: [Apache Tomcat/9.0.34]
2020-05-13 16:15:15,955 [restartedMain] INFO org.apache.catalina.core.ContainerBase.[Tomcat].[localhost].[/] - Initializing Spring embedded WebApplicationContext
2020-05-13 16:15:15,955 [restartedMain] INFO org.springframework.web.context.ContextLoader - Root WebApplicationContext: initialization completed in 1127 ms
2020-05-13 16:15:16,116 [restartedMain] INFO com.ulisesbocchio.jasyptspringboot.encryptor.DefaultLazyEncryptor - String Encryptor custom Bean not found with name 'jasyptStringEncryptor'. Initializing Default String Encryptor
2020-05-13 16:15:16,125 [restartedMain] INFO com.ulisesbocchio.jasyptspringboot.encryptor.DefaultLazyEncryptor - Encryptor config not found for property jasypt.encryptor.algorithm, using default value: PBEWITHHMACSHA512ANDAES_256
2020-05-13 16:15:16,126 [restartedMain] INFO com.ulisesbocchio.jasyptspringboot.encryptor.DefaultLazyEncryptor - Encryptor config not found for property jasypt.encryptor.key-obtention-iterations, using default value: 1000
2020-05-13 16:15:16,127 [restartedMain] INFO com.ulisesbocchio.jasyptspringboot.encryptor.DefaultLazyEncryptor - Encryptor config not found for property jasypt.encryptor.pool-size, using default value: 1
2020-05-13 16:15:16,127 [restartedMain] INFO com.ulisesbocchio.jasyptspringboot.encryptor.DefaultLazyEncryptor - Encryptor config not found for property jasypt.encryptor.provider-name, using default value: null
2020-05-13 16:15:16,127 [restartedMain] INFO com.ulisesbocchio.jasyptspringboot.encryptor.DefaultLazyEncryptor - Encryptor config not found for property jasypt.encryptor.provider-class-name, using default value: null
2020-05-13 16:15:16,127 [restartedMain] INFO com.ulisesbocchio.jasyptspringboot.encryptor.DefaultLazyEncryptor - Encryptor config not found for property jasypt.encryptor.salt-generator-classname, using default value: org.jasypt.salt.RandomSaltGenerator
2020-05-13 16:15:16,128 [restartedMain] INFO com.ulisesbocchio.jasyptspringboot.encryptor.DefaultLazyEncryptor - Encryptor config not found for property jasypt.encryptor.iv-generator-classname, using default value: org.jasypt.iv.RandomIvGenerator
2020-05-13 16:15:16,128 [restartedMain] INFO com.ulisesbocchio.jasyptspringboot.encryptor.DefaultLazyEncryptor - Encryptor config not found for property jasypt.encryptor.string-output-type, using default value: base64
2020-05-13 16:15:16,492 [restartedMain] INFO org.hibernate.jpa.internal.util.LogHelper - HHH000204: Processing PersistenceUnitInfo [name: default]
2020-05-13 16:15:16,513 [restartedMain] INFO com.zaxxer.hikari.HikariDataSource - HikariPool-3 - Starting...
2020-05-13 16:15:16,523 [restartedMain] INFO com.zaxxer.hikari.HikariDataSource - HikariPool-3 - Start completed.
2020-05-13 16:15:16,524 [restartedMain] INFO org.hibernate.dialect.Dialect - HHH000400: Using dialect: org.hibernate.dialect.MySQL5InnoDBDialect
2020-05-13 16:15:16,971 [restartedMain] INFO org.hibernate.engine.transaction.jta.platform.internal.JtaPlatformInitiator - HHH000490: Using JtaPlatform implementation: [org.hibernate.engine.transaction.jta.platform.internal.NoJtaPlatform]
2020-05-13 16:15:16,973 [restartedMain] INFO org.springframework.orm.jpa.LocalContainerEntityManagerFactoryBean - Initialized JPA EntityManagerFactory for persistence unit 'default'
2020-05-13 16:15:16,993 [restartedMain] INFO org.springframework.boot.devtools.autoconfigure.OptionalLiveReloadServer - LiveReload server is running on port 35729
2020-05-13 16:15:17,075 [restartedMain] WARN org.springframework.boot.autoconfigure.orm.jpa.JpaBaseConfiguration$JpaWebConfiguration - spring.jpa.open-in-view is enabled by default. Therefore, database queries may be performed during view rendering. Explicitly configure spring.jpa.open-in-view to disable this warning
2020-05-13 16:15:17,644 [restartedMain] INFO org.springframework.security.web.DefaultSecurityFilterChain - Creating filter chain: any request, [org.springframework.security.web.context.request.async.WebAsyncManagerIntegrationFilter@20fde1ec, org.springframework.security.web.context.SecurityContextPersistenceFilter@296f8b5f, org.springframework.security.web.header.HeaderWriterFilter@10f801c1, org.springframework.security.web.authentication.logout.LogoutFilter@632d8d65, com.poseidon.config.JwtRequestFilter@7782305f, org.springframework.security.web.savedrequest.RequestCacheAwareFilter@5350a65d, org.springframework.security.web.servletapi.SecurityContextHolderAwareRequestFilter@37653ff, org.springframework.security.web.authentication.AnonymousAuthenticationFilter@38f4695f, org.springframework.security.web.session.SessionManagementFilter@61ca9881, org.springframework.security.web.access.ExceptionTranslationFilter@1af7d42, org.springframework.security.web.access.intercept.FilterSecurityInterceptor@2b78232e]
2020-05-13 16:15:17,814 [restartedMain] INFO org.springframework.scheduling.concurrent.ThreadPoolTaskExecutor - Initializing ExecutorService 'applicationTaskExecutor'
2020-05-13 16:15:18,026 [restartedMain] INFO org.springframework.boot.actuate.endpoint.web.EndpointLinksResolver - Exposing 2 endpoint(s) beneath base path '/actuator'
2020-05-13 16:15:18,081 [restartedMain] INFO org.apache.coyote.http11.Http11NioProtocol - Starting ProtocolHandler ["http-nio-8080"]
2020-05-13 16:15:18,084 [restartedMain] INFO org.springframework.boot.web.embedded.tomcat.TomcatWebServer - Tomcat started on port(s): 8080 (http) with context path ''
2020-05-13 16:15:18,085 [restartedMain] INFO com.poseidon.Poseidon2Application - Started Poseidon2Application in 3.355 seconds (JVM running for 439.854)
2020-05-13 16:15:18,088 [restartedMain] INFO org.springframework.boot.devtools.autoconfigure.ConditionEvaluationDeltaLoggingListener - Condition evaluation unchanged
2020-05-13 16:15:21,468 [Thread-13] INFO org.springframework.scheduling.concurrent.ThreadPoolTaskExecutor - Shutting down ExecutorService 'applicationTaskExecutor'
2020-05-13 16:15:21,470 [Thread-13] INFO org.springframework.orm.jpa.LocalContainerEntityManagerFactoryBean - Closing JPA EntityManagerFactory for persistence unit 'default'
2020-05-13 16:15:21,475 [Thread-13] INFO com.zaxxer.hikari.HikariDataSource - HikariPool-3 - Shutdown initiated...
2020-05-13 16:15:21,489 [Thread-13] INFO com.zaxxer.hikari.HikariDataSource - HikariPool-3 - Shutdown completed.
2020-05-13 16:15:22,141 [restartedMain] INFO com.poseidon.Poseidon2Application - Starting Poseidon2Application on MacBook-Pro-de-jean-benoit.local with PID 90326 (/Users/jean-benoitroussat/git/poseidon/Poseidon2/target/classes started by jean-benoitroussat in /Users/jean-benoitroussat/git/poseidon/Poseidon2)
2020-05-13 16:15:22,142 [restartedMain] INFO com.poseidon.Poseidon2Application - No active profile set, falling back to default profiles: default
2020-05-13 16:15:22,993 [restartedMain] INFO org.springframework.data.repository.config.RepositoryConfigurationDelegate - Bootstrapping Spring Data JPA repositories in DEFAULT mode.
2020-05-13 16:15:23,035 [restartedMain] INFO org.springframework.data.repository.config.RepositoryConfigurationDelegate - Finished Spring Data repository scanning in 35ms. Found 6 JPA repository interfaces.
2020-05-13 16:15:23,271 [restartedMain] INFO com.ulisesbocchio.jasyptspringboot.configuration.EnableEncryptablePropertiesBeanFactoryPostProcessor - Post-processing PropertySource instances
2020-05-13 16:15:23,322 [restartedMain] INFO com.ulisesbocchio.jasyptspringboot.EncryptablePropertySourceConverter - Converting PropertySource configurationProperties [org.springframework.boot.context.properties.source.ConfigurationPropertySourcesPropertySource] to AOP Proxy
2020-05-13 16:15:23,322 [restartedMain] INFO com.ulisesbocchio.jasyptspringboot.EncryptablePropertySourceConverter - Converting PropertySource servletConfigInitParams [org.springframework.core.env.PropertySource$StubPropertySource] to EncryptablePropertySourceWrapper
2020-05-13 16:15:23,322 [restartedMain] INFO com.ulisesbocchio.jasyptspringboot.EncryptablePropertySourceConverter - Converting PropertySource servletContextInitParams [org.springframework.core.env.PropertySource$StubPropertySource] to EncryptablePropertySourceWrapper
2020-05-13 16:15:23,322 [restartedMain] INFO com.ulisesbocchio.jasyptspringboot.EncryptablePropertySourceConverter - Converting PropertySource systemProperties [org.springframework.core.env.PropertiesPropertySource] to EncryptableMapPropertySourceWrapper
2020-05-13 16:15:23,323 [restartedMain] INFO com.ulisesbocchio.jasyptspringboot.EncryptablePropertySourceConverter - Converting PropertySource systemEnvironment [org.springframework.boot.env.SystemEnvironmentPropertySourceEnvironmentPostProcessor$OriginAwareSystemEnvironmentPropertySource] to EncryptableSystemEnvironmentPropertySourceWrapper
2020-05-13 16:15:23,323 [restartedMain] INFO com.ulisesbocchio.jasyptspringboot.EncryptablePropertySourceConverter - Converting PropertySource random [org.springframework.boot.env.RandomValuePropertySource] to EncryptablePropertySourceWrapper
2020-05-13 16:15:23,323 [restartedMain] INFO com.ulisesbocchio.jasyptspringboot.EncryptablePropertySourceConverter - Converting PropertySource applicationConfig: [classpath:/application.properties] [org.springframework.boot.env.OriginTrackedMapPropertySource] to EncryptableMapPropertySourceWrapper
2020-05-13 16:15:23,323 [restartedMain] INFO com.ulisesbocchio.jasyptspringboot.EncryptablePropertySourceConverter - Converting PropertySource devtools [org.springframework.core.env.MapPropertySource] to EncryptableMapPropertySourceWrapper
2020-05-13 16:15:23,376 [restartedMain] INFO com.ulisesbocchio.jasyptspringboot.filter.DefaultLazyPropertyFilter - Property Filter custom Bean not found with name 'encryptablePropertyFilter'. Initializing Default Property Filter
2020-05-13 16:15:23,447 [restartedMain] INFO org.springframework.context.support.PostProcessorRegistrationDelegate$BeanPostProcessorChecker - Bean 'org.springframework.security.access.expression.method.DefaultMethodSecurityExpressionHandler@6e830f13' of type [org.springframework.security.access.expression.method.DefaultMethodSecurityExpressionHandler] is not eligible for getting processed by all BeanPostProcessors (for example: not eligible for auto-proxying)
2020-05-13 16:15:23,448 [restartedMain] INFO org.springframework.context.support.PostProcessorRegistrationDelegate$BeanPostProcessorChecker - Bean 'methodSecurityMetadataSource' of type [org.springframework.security.access.method.DelegatingMethodSecurityMetadataSource] is not eligible for getting processed by all BeanPostProcessors (for example: not eligible for auto-proxying)
2020-05-13 16:15:23,486 [restartedMain] INFO com.ulisesbocchio.jasyptspringboot.resolver.DefaultLazyPropertyResolver - Property Resolver custom Bean not found with name 'encryptablePropertyResolver'. Initializing Default Property Resolver
2020-05-13 16:15:23,498 [restartedMain] INFO com.ulisesbocchio.jasyptspringboot.detector.DefaultLazyPropertyDetector - Property Detector custom Bean not found with name 'encryptablePropertyDetector'. Initializing Default Property Detector
2020-05-13 16:15:24,003 [restartedMain] INFO org.springframework.boot.web.embedded.tomcat.TomcatWebServer - Tomcat initialized with port(s): 8080 (http)
2020-05-13 16:15:24,004 [restartedMain] INFO org.apache.coyote.http11.Http11NioProtocol - Initializing ProtocolHandler ["http-nio-8080"]
2020-05-13 16:15:24,005 [restartedMain] INFO org.apache.catalina.core.StandardService - Starting service [Tomcat]
2020-05-13 16:15:24,005 [restartedMain] INFO org.apache.catalina.core.StandardEngine - Starting Servlet engine: [Apache Tomcat/9.0.34]
2020-05-13 16:15:24,062 [restartedMain] INFO org.apache.catalina.core.ContainerBase.[Tomcat].[localhost].[/] - Initializing Spring embedded WebApplicationContext
2020-05-13 16:15:24,062 [restartedMain] INFO org.springframework.web.context.ContextLoader - Root WebApplicationContext: initialization completed in 1917 ms
2020-05-13 16:15:24,299 [restartedMain] INFO com.ulisesbocchio.jasyptspringboot.encryptor.DefaultLazyEncryptor - String Encryptor custom Bean not found with name 'jasyptStringEncryptor'. Initializing Default String Encryptor
2020-05-13 16:15:24,302 [restartedMain] INFO com.ulisesbocchio.jasyptspringboot.encryptor.DefaultLazyEncryptor - Encryptor config not found for property jasypt.encryptor.algorithm, using default value: PBEWITHHMACSHA512ANDAES_256
2020-05-13 16:15:24,302 [restartedMain] INFO com.ulisesbocchio.jasyptspringboot.encryptor.DefaultLazyEncryptor - Encryptor config not found for property jasypt.encryptor.key-obtention-iterations, using default value: 1000
2020-05-13 16:15:24,302 [restartedMain] INFO com.ulisesbocchio.jasyptspringboot.encryptor.DefaultLazyEncryptor - Encryptor config not found for property jasypt.encryptor.pool-size, using default value: 1
2020-05-13 16:15:24,302 [restartedMain] INFO com.ulisesbocchio.jasyptspringboot.encryptor.DefaultLazyEncryptor - Encryptor config not found for property jasypt.encryptor.provider-name, using default value: null
2020-05-13 16:15:24,303 [restartedMain] INFO com.ulisesbocchio.jasyptspringboot.encryptor.DefaultLazyEncryptor - Encryptor config not found for property jasypt.encryptor.provider-class-name, using default value: null
2020-05-13 16:15:24,303 [restartedMain] INFO com.ulisesbocchio.jasyptspringboot.encryptor.DefaultLazyEncryptor - Encryptor config not found for property jasypt.encryptor.salt-generator-classname, using default value: org.jasypt.salt.RandomSaltGenerator
2020-05-13 16:15:24,304 [restartedMain] INFO com.ulisesbocchio.jasyptspringboot.encryptor.DefaultLazyEncryptor - Encryptor config not found for property jasypt.encryptor.iv-generator-classname, using default value: org.jasypt.iv.RandomIvGenerator
2020-05-13 16:15:24,305 [restartedMain] INFO com.ulisesbocchio.jasyptspringboot.encryptor.DefaultLazyEncryptor - Encryptor config not found for property jasypt.encryptor.string-output-type, using default value: base64
2020-05-13 16:15:24,484 [restartedMain] INFO org.hibernate.jpa.internal.util.LogHelper - HHH000204: Processing PersistenceUnitInfo [name: default]
2020-05-13 16:15:24,498 [restartedMain] INFO com.zaxxer.hikari.HikariDataSource - HikariPool-4 - Starting...
2020-05-13 16:15:24,510 [restartedMain] INFO com.zaxxer.hikari.HikariDataSource - HikariPool-4 - Start completed.
2020-05-13 16:15:24,511 [restartedMain] INFO org.hibernate.dialect.Dialect - HHH000400: Using dialect: org.hibernate.dialect.MySQL5InnoDBDialect
2020-05-13 16:15:25,009 [restartedMain] INFO org.hibernate.engine.transaction.jta.platform.internal.JtaPlatformInitiator - HHH000490: Using JtaPlatform implementation: [org.hibernate.engine.transaction.jta.platform.internal.NoJtaPlatform]
2020-05-13 16:15:25,064 [restartedMain] INFO org.springframework.orm.jpa.LocalContainerEntityManagerFactoryBean - Initialized JPA EntityManagerFactory for persistence unit 'default'
2020-05-13 16:15:25,102 [restartedMain] INFO org.springframework.boot.devtools.autoconfigure.OptionalLiveReloadServer - LiveReload server is running on port 35729
2020-05-13 16:15:25,162 [restartedMain] WARN org.springframework.boot.autoconfigure.orm.jpa.JpaBaseConfiguration$JpaWebConfiguration - spring.jpa.open-in-view is enabled by default. Therefore, database queries may be performed during view rendering. Explicitly configure spring.jpa.open-in-view to disable this warning
2020-05-13 16:15:25,989 [restartedMain] INFO org.springframework.security.web.DefaultSecurityFilterChain - Creating filter chain: any request, [org.springframework.security.web.context.request.async.WebAsyncManagerIntegrationFilter@445f110c, org.springframework.security.web.context.SecurityContextPersistenceFilter@badd082, org.springframework.security.web.header.HeaderWriterFilter@24194bbb, org.springframework.security.web.authentication.logout.LogoutFilter@29fe348a, com.poseidon.config.JwtRequestFilter@7ce0af4d, org.springframework.security.web.savedrequest.RequestCacheAwareFilter@7755140a, org.springframework.security.web.servletapi.SecurityContextHolderAwareRequestFilter@197fddc8, org.springframework.security.web.authentication.AnonymousAuthenticationFilter@4a9cb049, org.springframework.security.web.session.SessionManagementFilter@1b49da2b, org.springframework.security.web.access.ExceptionTranslationFilter@350931ac, org.springframework.security.web.access.intercept.FilterSecurityInterceptor@416b0ae7]
2020-05-13 16:15:26,337 [restartedMain] INFO org.springframework.scheduling.concurrent.ThreadPoolTaskExecutor - Initializing ExecutorService 'applicationTaskExecutor'
2020-05-13 16:15:27,164 [restartedMain] INFO org.springframework.boot.actuate.endpoint.web.EndpointLinksResolver - Exposing 2 endpoint(s) beneath base path '/actuator'
2020-05-13 16:15:27,414 [restartedMain] INFO org.apache.coyote.http11.Http11NioProtocol - Starting ProtocolHandler ["http-nio-8080"]
2020-05-13 16:15:27,461 [restartedMain] INFO org.springframework.boot.web.embedded.tomcat.TomcatWebServer - Tomcat started on port(s): 8080 (http) with context path ''
2020-05-13 16:15:27,470 [restartedMain] INFO com.poseidon.Poseidon2Application - Started Poseidon2Application in 5.427 seconds (JVM running for 449.238)
2020-05-13 16:15:27,476 [restartedMain] INFO org.springframework.boot.devtools.autoconfigure.ConditionEvaluationDeltaLoggingListener - Condition evaluation unchanged
2020-05-13 16:15:35,667 [Thread-18] INFO org.springframework.scheduling.concurrent.ThreadPoolTaskExecutor - Shutting down ExecutorService 'applicationTaskExecutor'
2020-05-13 16:15:35,674 [Thread-18] INFO org.springframework.orm.jpa.LocalContainerEntityManagerFactoryBean - Closing JPA EntityManagerFactory for persistence unit 'default'
2020-05-13 16:15:35,676 [Thread-18] INFO com.zaxxer.hikari.HikariDataSource - HikariPool-4 - Shutdown initiated...
2020-05-13 16:15:35,687 [Thread-18] INFO com.zaxxer.hikari.HikariDataSource - HikariPool-4 - Shutdown completed.
2020-05-13 16:15:36,209 [restartedMain] INFO com.poseidon.Poseidon2Application - Starting Poseidon2Application on MacBook-Pro-de-jean-benoit.local with PID 90326 (/Users/jean-benoitroussat/git/poseidon/Poseidon2/target/classes started by jean-benoitroussat in /Users/jean-benoitroussat/git/poseidon/Poseidon2)
2020-05-13 16:15:36,221 [restartedMain] INFO com.poseidon.Poseidon2Application - No active profile set, falling back to default profiles: default
2020-05-13 16:15:37,627 [restartedMain] INFO org.springframework.data.repository.config.RepositoryConfigurationDelegate - Bootstrapping Spring Data JPA repositories in DEFAULT mode.
2020-05-13 16:15:37,727 [restartedMain] INFO org.springframework.data.repository.config.RepositoryConfigurationDelegate - Finished Spring Data repository scanning in 97ms. Found 6 JPA repository interfaces.
2020-05-13 16:15:37,953 [restartedMain] INFO com.ulisesbocchio.jasyptspringboot.configuration.EnableEncryptablePropertiesBeanFactoryPostProcessor - Post-processing PropertySource instances
2020-05-13 16:15:37,966 [restartedMain] INFO com.ulisesbocchio.jasyptspringboot.EncryptablePropertySourceConverter - Converting PropertySource configurationProperties [org.springframework.boot.context.properties.source.ConfigurationPropertySourcesPropertySource] to AOP Proxy
2020-05-13 16:15:37,966 [restartedMain] INFO com.ulisesbocchio.jasyptspringboot.EncryptablePropertySourceConverter - Converting PropertySource servletConfigInitParams [org.springframework.core.env.PropertySource$StubPropertySource] to EncryptablePropertySourceWrapper
2020-05-13 16:15:37,966 [restartedMain] INFO com.ulisesbocchio.jasyptspringboot.EncryptablePropertySourceConverter - Converting PropertySource servletContextInitParams [org.springframework.core.env.PropertySource$StubPropertySource] to EncryptablePropertySourceWrapper
2020-05-13 16:15:37,966 [restartedMain] INFO com.ulisesbocchio.jasyptspringboot.EncryptablePropertySourceConverter - Converting PropertySource systemProperties [org.springframework.core.env.PropertiesPropertySource] to EncryptableMapPropertySourceWrapper
2020-05-13 16:15:37,966 [restartedMain] INFO com.ulisesbocchio.jasyptspringboot.EncryptablePropertySourceConverter - Converting PropertySource systemEnvironment [org.springframework.boot.env.SystemEnvironmentPropertySourceEnvironmentPostProcessor$OriginAwareSystemEnvironmentPropertySource] to EncryptableSystemEnvironmentPropertySourceWrapper
2020-05-13 16:15:37,966 [restartedMain] INFO com.ulisesbocchio.jasyptspringboot.EncryptablePropertySourceConverter - Converting PropertySource random [org.springframework.boot.env.RandomValuePropertySource] to EncryptablePropertySourceWrapper
2020-05-13 16:15:37,966 [restartedMain] INFO com.ulisesbocchio.jasyptspringboot.EncryptablePropertySourceConverter - Converting PropertySource applicationConfig: [classpath:/application.properties] [org.springframework.boot.env.OriginTrackedMapPropertySource] to EncryptableMapPropertySourceWrapper
2020-05-13 16:15:37,966 [restartedMain] INFO com.ulisesbocchio.jasyptspringboot.EncryptablePropertySourceConverter - Converting PropertySource devtools [org.springframework.core.env.MapPropertySource] to EncryptableMapPropertySourceWrapper
2020-05-13 16:15:37,982 [restartedMain] INFO com.ulisesbocchio.jasyptspringboot.filter.DefaultLazyPropertyFilter - Property Filter custom Bean not found with name 'encryptablePropertyFilter'. Initializing Default Property Filter
2020-05-13 16:15:38,122 [restartedMain] INFO org.springframework.context.support.PostProcessorRegistrationDelegate$BeanPostProcessorChecker - Bean 'org.springframework.security.access.expression.method.DefaultMethodSecurityExpressionHandler@4c0845fd' of type [org.springframework.security.access.expression.method.DefaultMethodSecurityExpressionHandler] is not eligible for getting processed by all BeanPostProcessors (for example: not eligible for auto-proxying)
2020-05-13 16:15:38,126 [restartedMain] INFO org.springframework.context.support.PostProcessorRegistrationDelegate$BeanPostProcessorChecker - Bean 'methodSecurityMetadataSource' of type [org.springframework.security.access.method.DelegatingMethodSecurityMetadataSource] is not eligible for getting processed by all BeanPostProcessors (for example: not eligible for auto-proxying)
2020-05-13 16:15:38,235 [restartedMain] INFO com.ulisesbocchio.jasyptspringboot.resolver.DefaultLazyPropertyResolver - Property Resolver custom Bean not found with name 'encryptablePropertyResolver'. Initializing Default Property Resolver
2020-05-13 16:15:38,235 [restartedMain] INFO com.ulisesbocchio.jasyptspringboot.detector.DefaultLazyPropertyDetector - Property Detector custom Bean not found with name 'encryptablePropertyDetector'. Initializing Default Property Detector
2020-05-13 16:15:38,590 [restartedMain] INFO org.springframework.boot.web.embedded.tomcat.TomcatWebServer - Tomcat initialized with port(s): 8080 (http)
2020-05-13 16:15:38,591 [restartedMain] INFO org.apache.coyote.http11.Http11NioProtocol - Initializing ProtocolHandler ["http-nio-8080"]
2020-05-13 16:15:38,592 [restartedMain] INFO org.apache.catalina.core.StandardService - Starting service [Tomcat]
2020-05-13 16:15:38,593 [restartedMain] INFO org.apache.catalina.core.StandardEngine - Starting Servlet engine: [Apache Tomcat/9.0.34]
2020-05-13 16:15:38,665 [restartedMain] INFO org.apache.catalina.core.ContainerBase.[Tomcat].[localhost].[/] - Initializing Spring embedded WebApplicationContext
2020-05-13 16:15:38,665 [restartedMain] INFO org.springframework.web.context.ContextLoader - Root WebApplicationContext: initialization completed in 2436 ms
2020-05-13 16:15:39,154 [restartedMain] INFO com.ulisesbocchio.jasyptspringboot.encryptor.DefaultLazyEncryptor - String Encryptor custom Bean not found with name 'jasyptStringEncryptor'. Initializing Default String Encryptor
2020-05-13 16:15:39,156 [restartedMain] INFO com.ulisesbocchio.jasyptspringboot.encryptor.DefaultLazyEncryptor - Encryptor config not found for property jasypt.encryptor.algorithm, using default value: PBEWITHHMACSHA512ANDAES_256
2020-05-13 16:15:39,159 [restartedMain] INFO com.ulisesbocchio.jasyptspringboot.encryptor.DefaultLazyEncryptor - Encryptor config not found for property jasypt.encryptor.key-obtention-iterations, using default value: 1000
2020-05-13 16:15:39,160 [restartedMain] INFO com.ulisesbocchio.jasyptspringboot.encryptor.DefaultLazyEncryptor - Encryptor config not found for property jasypt.encryptor.pool-size, using default value: 1
2020-05-13 16:15:39,160 [restartedMain] INFO com.ulisesbocchio.jasyptspringboot.encryptor.DefaultLazyEncryptor - Encryptor config not found for property jasypt.encryptor.provider-name, using default value: null
2020-05-13 16:15:39,160 [restartedMain] INFO com.ulisesbocchio.jasyptspringboot.encryptor.DefaultLazyEncryptor - Encryptor config not found for property jasypt.encryptor.provider-class-name, using default value: null
2020-05-13 16:15:39,160 [restartedMain] INFO com.ulisesbocchio.jasyptspringboot.encryptor.DefaultLazyEncryptor - Encryptor config not found for property jasypt.encryptor.salt-generator-classname, using default value: org.jasypt.salt.RandomSaltGenerator
2020-05-13 16:15:39,161 [restartedMain] INFO com.ulisesbocchio.jasyptspringboot.encryptor.DefaultLazyEncryptor - Encryptor config not found for property jasypt.encryptor.iv-generator-classname, using default value: org.jasypt.iv.RandomIvGenerator
2020-05-13 16:15:39,161 [restartedMain] INFO com.ulisesbocchio.jasyptspringboot.encryptor.DefaultLazyEncryptor - Encryptor config not found for property jasypt.encryptor.string-output-type, using default value: base64
2020-05-13 16:15:39,947 [restartedMain] INFO org.hibernate.jpa.internal.util.LogHelper - HHH000204: Processing PersistenceUnitInfo [name: default]
2020-05-13 16:15:39,978 [restartedMain] INFO com.zaxxer.hikari.HikariDataSource - HikariPool-5 - Starting...
2020-05-13 16:15:40,017 [restartedMain] INFO com.zaxxer.hikari.HikariDataSource - HikariPool-5 - Start completed.
2020-05-13 16:15:40,019 [restartedMain] INFO org.hibernate.dialect.Dialect - HHH000400: Using dialect: org.hibernate.dialect.MySQL5InnoDBDialect
2020-05-13 16:15:41,457 [restartedMain] INFO org.hibernate.engine.transaction.jta.platform.internal.JtaPlatformInitiator - HHH000490: Using JtaPlatform implementation: [org.hibernate.engine.transaction.jta.platform.internal.NoJtaPlatform]
2020-05-13 16:15:41,459 [restartedMain] INFO org.springframework.orm.jpa.LocalContainerEntityManagerFactoryBean - Initialized JPA EntityManagerFactory for persistence unit 'default'
2020-05-13 16:15:41,592 [restartedMain] INFO org.springframework.boot.devtools.autoconfigure.OptionalLiveReloadServer - LiveReload server is running on port 35729
2020-05-13 16:15:41,867 [restartedMain] WARN org.springframework.boot.autoconfigure.orm.jpa.JpaBaseConfiguration$JpaWebConfiguration - spring.jpa.open-in-view is enabled by default. Therefore, database queries may be performed during view rendering. Explicitly configure spring.jpa.open-in-view to disable this warning
2020-05-13 16:15:45,262 [restartedMain] INFO org.springframework.security.web.DefaultSecurityFilterChain - Creating filter chain: any request, [org.springframework.security.web.context.request.async.WebAsyncManagerIntegrationFilter@1e4f44e8, org.springframework.security.web.context.SecurityContextPersistenceFilter@3f75072c, org.springframework.security.web.header.HeaderWriterFilter@1141ff7b, org.springframework.security.web.authentication.logout.LogoutFilter@15718cc9, com.poseidon.config.JwtRequestFilter@700a99c6, org.springframework.security.web.savedrequest.RequestCacheAwareFilter@24e09b9c, org.springframework.security.web.servletapi.SecurityContextHolderAwareRequestFilter@3ac4125c, org.springframework.security.web.authentication.AnonymousAuthenticationFilter@71ef0503, org.springframework.security.web.session.SessionManagementFilter@2b75c37, org.springframework.security.web.access.ExceptionTranslationFilter@1d60cdcb, org.springframework.security.web.access.intercept.FilterSecurityInterceptor@3a16ddda]
2020-05-13 16:15:45,936 [restartedMain] INFO org.springframework.scheduling.concurrent.ThreadPoolTaskExecutor - Initializing ExecutorService 'applicationTaskExecutor'
2020-05-13 16:15:46,640 [restartedMain] INFO org.springframework.boot.actuate.endpoint.web.EndpointLinksResolver - Exposing 2 endpoint(s) beneath base path '/actuator'
2020-05-13 16:15:46,812 [restartedMain] INFO org.apache.coyote.http11.Http11NioProtocol - Starting ProtocolHandler ["http-nio-8080"]
2020-05-13 16:15:46,848 [restartedMain] INFO org.springframework.boot.web.embedded.tomcat.TomcatWebServer - Tomcat started on port(s): 8080 (http) with context path ''
2020-05-13 16:15:46,852 [restartedMain] INFO com.poseidon.Poseidon2Application - Started Poseidon2Application in 10.756 seconds (JVM running for 468.62)
2020-05-13 16:15:46,889 [restartedMain] INFO org.springframework.boot.devtools.autoconfigure.ConditionEvaluationDeltaLoggingListener - Condition evaluation unchanged
2020-05-13 16:16:41,555 [http-nio-8080-exec-1] INFO org.apache.catalina.core.ContainerBase.[Tomcat].[localhost].[/] - Initializing Spring DispatcherServlet 'dispatcherServlet'
2020-05-13 16:16:41,558 [http-nio-8080-exec-1] INFO org.springframework.web.servlet.DispatcherServlet - Initializing Servlet 'dispatcherServlet'
2020-05-13 16:16:41,592 [http-nio-8080-exec-1] INFO org.springframework.web.servlet.DispatcherServlet - Completed initialization in 34 ms
2020-05-13 16:16:42,292 [http-nio-8080-exec-1] INFO  - Get bidList : Optional[BidList [BidListId=1, account=Account Test, type=Type Test, bidQuantity=10.0, askQuantity=null, bid=null, ask=null, benchmark=null, bidListDate=null, commentary=null, security=null, status=null, trader=null, book=null, creationName=null, creationDate=null, revisionName=null, revisionDate=null, dealName=null, dealType=null, sourceListId=null, side=null]]
